===== Building TrulyMEM for Linux =====
Project root: /home/program/TrulyMEM-TrueHumanMEM
The virtual environment was not created successfully because ensurepip is not
available.  On Debian/Ubuntu systems, you need to install the python3-venv
package using the following command.

    apt install python3.13-venv

You may need to use sudo with that command.  After installing the python3-venv
package, recreate your virtual environment.

Failing command: /home/program/TrulyMEM-TrueHumanMEM/.venv_build/bin/python3

Warning: venv creation failed, falling back to system Python
Cleaning previous builds...
================================
Building TrulyMEM (TUI + Web embedded)
================================
29 INFO: PyInstaller: 6.20.0, contrib hooks: 2026.4
29 INFO: Python: 3.13.12
31 INFO: Platform: Linux-6.1.0-44-amd64-x86_64-with-glibc2.42
31 INFO: Python environment: /usr
33 INFO: Removing temporary files and cleaning cache in /root/.cache/pyinstaller
34 INFO: Module search paths (PYTHONPATH):
['/home/program/TrulyMEM-TrueHumanMEM',
 '/home/program/TrulyMEM-TrueHumanMEM',
 '/usr/lib/python313.zip',
 '/usr/lib/python3.13',
 '/usr/lib/python3.13/lib-dynload',
 '/usr/local/lib/python3.13/dist-packages',
 '/usr/lib/python3/dist-packages',
 '/home/program/TrulyMEM-TrueHumanMEM']
141 INFO: Appending 'datas' from .spec
141 INFO: checking Analysis
141 INFO: Building Analysis because Analysis-00.toc is non existent
141 INFO: Looking for Python shared library...
149 INFO: Using Python shared library: /usr/lib/x86_64-linux-gnu/libpython3.13.so.1.0
149 INFO: Running Analysis Analysis-00.toc
149 INFO: Target bytecode optimization level: 0
149 INFO: Initializing module dependency graph...
149 INFO: Initializing module graph hook caches...
153 INFO: Analyzing modules for base_library.zip ...
645 INFO: Processing standard module hook 'hook-encodings.py' from '/usr/local/lib/python3.13/dist-packages/PyInstaller/hooks'
1604 INFO: Processing standard module hook 'hook-pickle.py' from '/usr/local/lib/python3.13/dist-packages/PyInstaller/hooks'
2203 INFO: Processing standard module hook 'hook-heapq.py' from '/usr/local/lib/python3.13/dist-packages/PyInstaller/hooks'
2434 INFO: Caching module dependency graph...
2456 INFO: Analyzing /home/program/TrulyMEM-TrueHumanMEM/trulymem_entry.py
2487 INFO: Processing standard module hook 'hook-sqlite3.py' from '/usr/local/lib/python3.13/dist-packages/PyInstaller/hooks'
2606 INFO: Processing standard module hook 'hook-platform.py' from '/usr/local/lib/python3.13/dist-packages/PyInstaller/hooks'
2628 INFO: Processing standard module hook 'hook-sysconfig.py' from '/usr/local/lib/python3.13/dist-packages/PyInstaller/hooks'
2631 INFO: Processing standard module hook 'hook-_ctypes.py' from '/usr/local/lib/python3.13/dist-packages/PyInstaller/hooks'
2641 INFO: Processing pre-safe-import-module hook 'hook-typing_extensions.py' from '/usr/local/lib/python3.13/dist-packages/PyInstaller/hooks/pre_safe_import_module'
2641 INFO: SetuptoolsInfo: initializing cached setuptools info...
4602 INFO: Processing standard module hook 'hook-multiprocessing.util.py' from '/usr/local/lib/python3.13/dist-packages/PyInstaller/hooks'
4748 INFO: Processing standard module hook 'hook-xml.py' from '/usr/local/lib/python3.13/dist-packages/PyInstaller/hooks'
5155 INFO: Processing standard module hook 'hook-pydantic.py' from '/usr/local/lib/python3.13/dist-packages/_pyinstaller_hooks_contrib/stdhooks'
5444 INFO: Processing standard module hook 'hook-rich.py' from '/usr/local/lib/python3.13/dist-packages/_pyinstaller_hooks_contrib/stdhooks'
5729 INFO: Processing standard module hook 'hook-pygments.py' from '/usr/local/lib/python3.13/dist-packages/PyInstaller/hooks'
6155 INFO: Processing standard module hook 'hook-chardet.py' from '/usr/local/lib/python3.13/dist-packages/_pyinstaller_hooks_contrib/stdhooks'
7547 INFO: Processing standard module hook 'hook-zoneinfo.py' from '/usr/local/lib/python3.13/dist-packages/_pyinstaller_hooks_contrib/stdhooks'
8697 INFO: Processing standard module hook 'hook-certifi.py' from '/usr/local/lib/python3.13/dist-packages/_pyinstaller_hooks_contrib/stdhooks'
8766 INFO: Processing standard module hook 'hook-anyio.py' from '/usr/local/lib/python3.13/dist-packages/_pyinstaller_hooks_contrib/stdhooks'
9419 INFO: Processing standard module hook 'hook-difflib.py' from '/usr/local/lib/python3.13/dist-packages/PyInstaller/hooks'
10529 INFO: Processing standard module hook 'hook-numpy.py' from '/usr/local/lib/python3.13/dist-packages/PyInstaller/hooks'
11824 INFO: Processing standard module hook 'hook-charset_normalizer.py' from '/usr/local/lib/python3.13/dist-packages/_pyinstaller_hooks_contrib/stdhooks'
12622 INFO: Processing standard module hook 'hook-pytz.py' from '/usr/local/lib/python3.13/dist-packages/PyInstaller/hooks'
13192 INFO: Processing pre-safe-import-module hook 'hook-platformdirs.py' from '/usr/local/lib/python3.13/dist-packages/PyInstaller/hooks/pre_safe_import_module'
13199 INFO: Processing standard module hook 'hook-platformdirs.py' from '/usr/local/lib/python3.13/dist-packages/_pyinstaller_hooks_contrib/stdhooks'
14917 INFO: Processing standard module hook 'hook-jinja2.py' from '/usr/local/lib/python3.13/dist-packages/_pyinstaller_hooks_contrib/stdhooks'
15284 INFO: Processing pre-safe-import-module hook 'hook-importlib_metadata.py' from '/usr/local/lib/python3.13/dist-packages/PyInstaller/hooks/pre_safe_import_module'
15285 INFO: Setuptools: 'importlib_metadata' appears to be a setuptools-vendored copy - creating alias to 'setuptools._vendor.importlib_metadata'!
15289 INFO: Processing standard module hook 'hook-setuptools.py' from '/usr/local/lib/python3.13/dist-packages/PyInstaller/hooks'
15296 INFO: Processing pre-safe-import-module hook 'hook-distutils.py' from '/usr/local/lib/python3.13/dist-packages/PyInstaller/hooks/pre_safe_import_module'
15314 INFO: Processing pre-safe-import-module hook 'hook-jaraco.py' from '/usr/local/lib/python3.13/dist-packages/PyInstaller/hooks/pre_safe_import_module'
15314 INFO: Setuptools: 'jaraco' appears to be a partial setuptools-vendored copy - extending search paths to ['/usr/lib/python3/dist-packages/jaraco', '/usr/lib/python3/dist-packages/setuptools/_vendor/jaraco']!
15315 INFO: Processing pre-safe-import-module hook 'hook-jaraco.functools.py' from '/usr/local/lib/python3.13/dist-packages/PyInstaller/hooks/pre_safe_import_module'
15320 INFO: Processing pre-safe-import-module hook 'hook-more_itertools.py' from '/usr/local/lib/python3.13/dist-packages/PyInstaller/hooks/pre_safe_import_module'
15459 INFO: Processing pre-safe-import-module hook 'hook-packaging.py' from '/usr/local/lib/python3.13/dist-packages/PyInstaller/hooks/pre_safe_import_module'
15575 INFO: Processing pre-safe-import-module hook 'hook-jaraco.text.py' from '/usr/local/lib/python3.13/dist-packages/PyInstaller/hooks/pre_safe_import_module'
15581 INFO: Processing standard module hook 'hook-jaraco.text.py' from '/usr/local/lib/python3.13/dist-packages/_pyinstaller_hooks_contrib/stdhooks'
15614 INFO: Processing pre-safe-import-module hook 'hook-importlib_resources.py' from '/usr/local/lib/python3.13/dist-packages/PyInstaller/hooks/pre_safe_import_module'
15615 INFO: Processing pre-safe-import-module hook 'hook-jaraco.context.py' from '/usr/local/lib/python3.13/dist-packages/PyInstaller/hooks/pre_safe_import_module'
15620 INFO: Processing pre-safe-import-module hook 'hook-backports.py' from '/usr/local/lib/python3.13/dist-packages/PyInstaller/hooks/pre_safe_import_module'
15620 INFO: Setuptools: 'backports' appears to be a full setuptools-vendored copy - creating alias to 'setuptools._vendor.backports'!
15843 INFO: Processing pre-safe-import-module hook 'hook-tomli.py' from '/usr/local/lib/python3.13/dist-packages/PyInstaller/hooks/pre_safe_import_module'
15843 INFO: Setuptools: 'tomli' appears to be a setuptools-vendored copy - creating alias to 'setuptools._vendor.tomli'!
16138 INFO: Processing standard module hook 'hook-pkg_resources.py' from '/usr/local/lib/python3.13/dist-packages/PyInstaller/hooks'
16316 INFO: Processing pre-safe-import-module hook 'hook-wheel.py' from '/usr/local/lib/python3.13/dist-packages/PyInstaller/hooks/pre_safe_import_module'
16376 INFO: Processing standard module hook 'hook-setuptools._vendor.importlib_metadata.py' from '/usr/local/lib/python3.13/dist-packages/PyInstaller/hooks'
16378 INFO: Processing pre-safe-import-module hook 'hook-zipp.py' from '/usr/local/lib/python3.13/dist-packages/PyInstaller/hooks/pre_safe_import_module'
16414 INFO: Analyzing hidden import 'ui.handlers'
16414 INFO: Analyzing hidden import 'ui.services'
16415 INFO: Analyzing hidden import 'ui.services.config_manager'
16416 INFO: Analyzing hidden import 'ui.services.config_service'
16417 INFO: Processing module hooks (post-graph stage)...
16716 WARNING: Hidden import "charset_normalizer.md__mypyc" not found!
18203 INFO: Performing binary vs. data reclassification (622 entries)
18209 INFO: Looking for ctypes DLLs
18283 WARNING: Library shell32 required via ctypes not found
18292 WARNING: Library ole32 required via ctypes not found
18321 INFO: Analyzing run-time hooks ...
18329 INFO: Including run-time hook 'pyi_rth_inspect.py' from '/usr/local/lib/python3.13/dist-packages/PyInstaller/hooks/rthooks'
18331 INFO: Including run-time hook 'pyi_rth_multiprocessing.py' from '/usr/local/lib/python3.13/dist-packages/PyInstaller/hooks/rthooks'
18333 INFO: Including run-time hook 'pyi_rth_pkgutil.py' from '/usr/local/lib/python3.13/dist-packages/PyInstaller/hooks/rthooks'
18334 INFO: Including run-time hook 'pyi_rth_setuptools.py' from '/usr/local/lib/python3.13/dist-packages/PyInstaller/hooks/rthooks'
18335 INFO: Including run-time hook 'pyi_rth_pkgres.py' from '/usr/local/lib/python3.13/dist-packages/PyInstaller/hooks/rthooks'
18371 INFO: Creating base_library.zip...
18384 INFO: Looking for dynamic libraries
18673 INFO: Warnings written to /home/program/TrulyMEM-TrueHumanMEM/build/trulymem/warn-trulymem.txt
18783 INFO: Graph cross-reference written to /home/program/TrulyMEM-TrueHumanMEM/build/trulymem/xref-trulymem.html
18816 INFO: checking PYZ
18816 INFO: Building PYZ because PYZ-00.toc is non existent
18816 INFO: Building PYZ (ZlibArchive) /home/program/TrulyMEM-TrueHumanMEM/build/trulymem/PYZ-00.pyz
19768 INFO: Building PYZ (ZlibArchive) /home/program/TrulyMEM-TrueHumanMEM/build/trulymem/PYZ-00.pyz completed successfully.
19790 WARNING: Ignoring icon; supported only on Windows and macOS!
19801 INFO: checking PKG
19801 INFO: Building PKG because PKG-00.toc is non existent
19801 INFO: Building PKG (CArchive) TrulyMEM.pkg
24763 INFO: Building PKG (CArchive) TrulyMEM.pkg completed successfully.
24768 INFO: Bootloader /usr/local/lib/python3.13/dist-packages/PyInstaller/bootloader/Linux-64bit-intel/run
24768 INFO: checking EXE
24768 INFO: Building EXE because EXE-00.toc is non existent
24768 INFO: Building EXE from EXE-00.toc
24768 INFO: Copying bootloader EXE to /home/program/TrulyMEM-TrueHumanMEM/dist/TrulyMEM
24768 INFO: Appending PKG archive to custom ELF section in EXE
24825 INFO: Building EXE from EXE-00.toc completed successfully.
24830 INFO: Build complete! The results are available in: /home/program/TrulyMEM-TrueHumanMEM/dist
================================
===== Build Complete =====
Binary: dist/TrulyMEM
total 35848
drwxr-xr-x  2 root root     4096 Apr 30 07:06 .
drwxr-xr-x 15 root root     4096 Apr 30 07:05 ..
-rwxr-xr-x  1 root root 36698096 Apr 30 07:06 TrulyMEM
Build finished successfully!
